# JRE version: OpenJDK Runtime Environment Temurin-21.0.10+7 (21.0.10+7) (build 21.0.10+7-LTS)
# Java VM: OpenJDK 64-Bit Server VM Temurin-21.0.10+7 (21.0.10+7-LTS, mixed mode, sharing, tiered, compressed oops, compressed class ptrs, parallel gc, windows-amd64)
GC Precious Log:
 CardTable entry size: 512
 CPUs: 12 total, 12 available
 Memory: 32679M
 Large Page Support: Disabled
 NUMA Support: Disabled
 Compressed Oops: Enabled (32-bit)
 Alignments: Space 512K, Generation 512K, Heap 2M
 Heap Min Capacity: 100M
 Heap Initial Capacity: 100M
 Heap Max Capacity: 2G
 Pre-touch: Disabled
 Parallel Workers: 10
Heap:
 PSYoungGen      total 16384K, used 1972K [0x00000000d5580000, 0x00000000d6900000, 0x0000000100000000)
  eden space 13312K, 7% used [0x00000000d5580000,0x00000000d56808c8,0x00000000d6280000)
  from space 3072K, 30% used [0x00000000d6400000,0x00000000d64eca10,0x00000000d6700000)
  to   space 1536K, 0% used [0x00000000d6780000,0x00000000d6780000,0x00000000d6900000)
 ParOldGen       total 87040K, used 86595K [0x0000000080000000, 0x0000000085500000, 0x00000000d5580000)
  object space 87040K, 99% used [0x0000000080000000,0x0000000085490f00,0x0000000085500000)
 Metaspace       used 66410K, committed 67904K, reserved 1114112K
  class space    used 7218K, committed 7872K, reserved 1048576K
GC Heap History (20 events):
Event: 13.595 GC heap before
{Heap before GC invocations=90 (full 3):
 PSYoungGen      total 18432K, used 18336K [0x00000000d5580000, 0x00000000d6900000, 0x0000000100000000)
  eden space 17920K, 100% used [0x00000000d5580000,0x00000000d6700000,0x00000000d6700000)
  from space 512K, 81% used [0x00000000d6880000,0x00000000d68e8000,0x00000000d6900000)
  to   space 512K, 0% used [0x00000000d6800000,0x00000000d6800000,0x00000000d6880000)
 ParOldGen       total 71680K, used 71601K [0x0000000080000000, 0x0000000084600000, 0x00000000d5580000)
  object space 71680K, 99% used [0x0000000080000000,0x00000000845ec558,0x0000000084600000)
 Metaspace       used 60183K, committed 61632K, reserved 1114112K
  class space    used 6561K, committed 7232K, reserved 1048576K
}
Event: 13.596 GC heap after
{Heap after GC invocations=90 (full 3):
 PSYoungGen      total 18432K, used 491K [0x00000000d5580000, 0x00000000d6900000, 0x0000000100000000)
  eden space 17920K, 0% used [0x00000000d5580000,0x00000000d5580000,0x00000000d6700000)
  from space 512K, 96% used [0x00000000d6800000,0x00000000d687af10,0x00000000d6880000)
  to   space 512K, 0% used [0x00000000d6880000,0x00000000d6880000,0x00000000d6900000)
 ParOldGen       total 72192K, used 71952K [0x0000000080000000, 0x0000000084680000, 0x00000000d5580000)
  object space 72192K, 99% used [0x0000000080000000,0x0000000084644058,0x0000000084680000)
 Metaspace       used 60183K, committed 61632K, reserved 1114112K
  class space    used 6561K, committed 7232K, reserved 1048576K
}
Event: 13.773 GC heap before
{Heap before GC invocations=91 (full 3):
 PSYoungGen      total 18432K, used 18411K [0x00000000d5580000, 0x00000000d6900000, 0x0000000100000000)
  eden space 17920K, 100% used [0x00000000d5580000,0x00000000d6700000,0x00000000d6700000)
  from space 512K, 96% used [0x00000000d6800000,0x00000000d687af10,0x00000000d6880000)
  to   space 512K, 0% used [0x00000000d6880000,0x00000000d6880000,0x00000000d6900000)
 ParOldGen       total 72192K, used 71952K [0x0000000080000000, 0x0000000084680000, 0x00000000d5580000)
  object space 72192K, 99% used [0x0000000080000000,0x0000000084644058,0x0000000084680000)
 Metaspace       used 61720K, committed 63104K, reserved 1114112K
  class space    used 6790K, committed 7424K, reserved 1048576K
}
Event: 13.776 GC heap after
{Heap after GC invocations=91 (full 3):
 PSYoungGen      total 17408K, used 512K [0x00000000d5580000, 0x00000000d6c00000, 0x0000000100000000)
  eden space 16896K, 0% used [0x00000000d5580000,0x00000000d5580000,0x00000000d6600000)
  from space 512K, 100% used [0x00000000d6880000,0x00000000d6900000,0x00000000d6900000)
  to   space 2560K, 0% used [0x00000000d6600000,0x00000000d6600000,0x00000000d6880000)
 ParOldGen       total 73728K, used 73497K [0x0000000080000000, 0x0000000084800000, 0x00000000d5580000)
  object space 73728K, 99% used [0x0000000080000000,0x00000000847c6658,0x0000000084800000)
 Metaspace       used 61720K, committed 63104K, reserved 1114112K
  class space    used 6790K, committed 7424K, reserved 1048576K
}
Event: 13.869 GC heap before
{Heap before GC invocations=92 (full 3):
 PSYoungGen      total 17408K, used 17408K [0x00000000d5580000, 0x00000000d6c00000, 0x0000000100000000)
  eden space 16896K, 100% used [0x00000000d5580000,0x00000000d6600000,0x00000000d6600000)
  from space 512K, 100% used [0x00000000d6880000,0x00000000d6900000,0x00000000d6900000)
  to   space 2560K, 0% used [0x00000000d6600000,0x00000000d6600000,0x00000000d6880000)
 ParOldGen       total 73728K, used 73497K [0x0000000080000000, 0x0000000084800000, 0x00000000d5580000)
  object space 73728K, 99% used [0x0000000080000000,0x00000000847c6658,0x0000000084800000)
 Metaspace       used 62072K, committed 63488K, reserved 1114112K
  class space    used 6832K, committed 7488K, reserved 1048576K
}
Event: 13.872 GC heap after
{Heap after GC invocations=92 (full 3):
 PSYoungGen      total 18432K, used 1152K [0x00000000d5580000, 0x00000000d6900000, 0x0000000100000000)
  eden space 16896K, 0% used [0x00000000d5580000,0x00000000d5580000,0x00000000d6600000)
  from space 1536K, 75% used [0x00000000d6600000,0x00000000d6720000,0x00000000d6780000)
  to   space 1536K, 0% used [0x00000000d6780000,0x00000000d6780000,0x00000000d6900000)
 ParOldGen       total 74240K, used 73937K [0x0000000080000000, 0x0000000084880000, 0x00000000d5580000)
  object space 74240K, 99% used [0x0000000080000000,0x0000000084834658,0x0000000084880000)
 Metaspace       used 62072K, committed 63488K, reserved 1114112K
  class space    used 6832K, committed 7488K, reserved 1048576K
}
Event: 13.989 GC heap before
{Heap before GC invocations=93 (full 3):
 PSYoungGen      total 18432K, used 18048K [0x00000000d5580000, 0x00000000d6900000, 0x0000000100000000)
  eden space 16896K, 100% used [0x00000000d5580000,0x00000000d6600000,0x00000000d6600000)
  from space 1536K, 75% used [0x00000000d6600000,0x00000000d6720000,0x00000000d6780000)
  to   space 1536K, 0% used [0x00000000d6780000,0x00000000d6780000,0x00000000d6900000)
 ParOldGen       total 74240K, used 73937K [0x0000000080000000, 0x0000000084880000, 0x00000000d5580000)
  object space 74240K, 99% used [0x0000000080000000,0x0000000084834658,0x0000000084880000)
 Metaspace       used 62549K, committed 64064K, reserved 1114112K
  class space    used 6861K, committed 7552K, reserved 1048576K
}
Event: 13.993 GC heap after
{Heap after GC invocations=93 (full 3):
 PSYoungGen      total 14848K, used 1523K [0x00000000d5580000, 0x00000000d7000000, 0x0000000100000000)
  eden space 13312K, 0% used [0x00000000d5580000,0x00000000d5580000,0x00000000d6280000)
  from space 1536K, 99% used [0x00000000d6780000,0x00000000d68fcd40,0x00000000d6900000)
  to   space 5120K, 0% used [0x00000000d6280000,0x00000000d6280000,0x00000000d6780000)
 ParOldGen       total 77312K, used 76825K [0x0000000080000000, 0x0000000084b80000, 0x00000000d5580000)
  object space 77312K, 99% used [0x0000000080000000,0x0000000084b06628,0x0000000084b80000)
 Metaspace       used 62549K, committed 64064K, reserved 1114112K
  class space    used 6861K, committed 7552K, reserved 1048576K
}
Event: 14.031 GC heap before
{Heap before GC invocations=94 (full 3):
 PSYoungGen      total 14848K, used 14835K [0x00000000d5580000, 0x00000000d7000000, 0x0000000100000000)
  eden space 13312K, 100% used [0x00000000d5580000,0x00000000d6280000,0x00000000d6280000)
  from space 1536K, 99% used [0x00000000d6780000,0x00000000d68fcd40,0x00000000d6900000)
  to   space 5120K, 0% used [0x00000000d6280000,0x00000000d6280000,0x00000000d6780000)
 ParOldGen       total 77312K, used 76825K [0x0000000080000000, 0x0000000084b80000, 0x00000000d5580000)
  object space 77312K, 99% used [0x0000000080000000,0x0000000084b06628,0x0000000084b80000)
 Metaspace       used 62636K, committed 64128K, reserved 1114112K
  class space    used 6867K, committed 7552K, reserved 1048576K
}
Event: 14.034 GC heap after
{Heap after GC invocations=94 (full 3):
 PSYoungGen      total 15872K, used 2080K [0x00000000d5580000, 0x00000000d6880000, 0x0000000100000000)
  eden space 13312K, 0% used [0x00000000d5580000,0x00000000d5580000,0x00000000d6280000)
  from space 2560K, 81% used [0x00000000d6280000,0x00000000d6488000,0x00000000d6500000)
  to   space 3072K, 0% used [0x00000000d6580000,0x00000000d6580000,0x00000000d6880000)
 ParOldGen       total 78336K, used 78219K [0x0000000080000000, 0x0000000084c80000, 0x00000000d5580000)
  object space 78336K, 99% used [0x0000000080000000,0x0000000084c62d30,0x0000000084c80000)
 Metaspace       used 62636K, committed 64128K, reserved 1114112K
  class space    used 6867K, committed 7552K, reserved 1048576K
}
Event: 14.111 GC heap before
{Heap before GC invocations=95 (full 3):
 PSYoungGen      total 15872K, used 15392K [0x00000000d5580000, 0x00000000d6880000, 0x0000000100000000)
  eden space 13312K, 100% used [0x00000000d5580000,0x00000000d6280000,0x00000000d6280000)
  from space 2560K, 81% used [0x00000000d6280000,0x00000000d6488000,0x00000000d6500000)
  to   space 3072K, 0% used [0x00000000d6580000,0x00000000d6580000,0x00000000d6880000)
 ParOldGen       total 78336K, used 78219K [0x0000000080000000, 0x0000000084c80000, 0x00000000d5580000)
  object space 78336K, 99% used [0x0000000080000000,0x0000000084c62d30,0x0000000084c80000)
 Metaspace       used 63451K, committed 64896K, reserved 1114112K
  class space    used 6955K, committed 7616K, reserved 1048576K
}
Event: 14.114 GC heap after
{Heap after GC invocations=95 (full 3):
 PSYoungGen      total 16384K, used 2525K [0x00000000d5580000, 0x00000000d6880000, 0x0000000100000000)
  eden space 13312K, 0% used [0x00000000d5580000,0x00000000d5580000,0x00000000d6280000)
  from space 3072K, 82% used [0x00000000d6580000,0x00000000d67f7600,0x00000000d6880000)
  to   space 3072K, 0% used [0x00000000d6280000,0x00000000d6280000,0x00000000d6580000)
 ParOldGen       total 80384K, used 79987K [0x0000000080000000, 0x0000000084e80000, 0x00000000d5580000)
  object space 80384K, 99% used [0x0000000080000000,0x0000000084e1cd80,0x0000000084e80000)
 Metaspace       used 63451K, committed 64896K, reserved 1114112K
  class space    used 6955K, committed 7616K, reserved 1048576K
}
Event: 14.166 GC heap before
{Heap before GC invocations=96 (full 3):
 PSYoungGen      total 16384K, used 15837K [0x00000000d5580000, 0x00000000d6880000, 0x0000000100000000)
  eden space 13312K, 100% used [0x00000000d5580000,0x00000000d6280000,0x00000000d6280000)
  from space 3072K, 82% used [0x00000000d6580000,0x00000000d67f7600,0x00000000d6880000)
  to   space 3072K, 0% used [0x00000000d6280000,0x00000000d6280000,0x00000000d6580000)
 ParOldGen       total 80384K, used 79987K [0x0000000080000000, 0x0000000084e80000, 0x00000000d5580000)
  object space 80384K, 99% used [0x0000000080000000,0x0000000084e1cd80,0x0000000084e80000)
 Metaspace       used 63670K, committed 65152K, reserved 1114112K
  class space    used 6974K, committed 7616K, reserved 1048576K
}
Event: 14.170 GC heap after
{Heap after GC invocations=96 (full 3):
 PSYoungGen      total 14848K, used 1339K [0x00000000d5580000, 0x00000000d6680000, 0x0000000100000000)
  eden space 13312K, 0% used [0x00000000d5580000,0x00000000d5580000,0x00000000d6280000)
  from space 1536K, 87% used [0x00000000d6280000,0x00000000d63cefc8,0x00000000d6400000)
  to   space 2048K, 0% used [0x00000000d6480000,0x00000000d6480000,0x00000000d6680000)
 ParOldGen       total 81920K, used 81585K [0x0000000080000000, 0x0000000085000000, 0x00000000d5580000)
  object space 81920K, 99% used [0x0000000080000000,0x0000000084fac760,0x0000000085000000)
 Metaspace       used 63670K, committed 65152K, reserved 1114112K
  class space    used 6974K, committed 7616K, reserved 1048576K
}
Event: 14.281 GC heap before
{Heap before GC invocations=97 (full 3):
 PSYoungGen      total 14848K, used 14651K [0x00000000d5580000, 0x00000000d6680000, 0x0000000100000000)
  eden space 13312K, 100% used [0x00000000d5580000,0x00000000d6280000,0x00000000d6280000)
  from space 1536K, 87% used [0x00000000d6280000,0x00000000d63cefc8,0x00000000d6400000)
  to   space 2048K, 0% used [0x00000000d6480000,0x00000000d6480000,0x00000000d6680000)
 ParOldGen       total 81920K, used 81585K [0x0000000080000000, 0x0000000085000000, 0x00000000d5580000)
  object space 81920K, 99% used [0x0000000080000000,0x0000000084fac760,0x0000000085000000)
 Metaspace       used 64735K, committed 66240K, reserved 1114112K
  class space    used 7072K, committed 7744K, reserved 1048576K
}
Event: 14.283 GC heap after
{Heap after GC invocations=97 (full 3):
 PSYoungGen      total 15360K, used 1783K [0x00000000d5580000, 0x00000000d6680000, 0x0000000100000000)
  eden space 13312K, 0% used [0x00000000d5580000,0x00000000d5580000,0x00000000d6280000)
  from space 2048K, 87% used [0x00000000d6480000,0x00000000d663de78,0x00000000d6680000)
  to   space 2048K, 0% used [0x00000000d6280000,0x00000000d6280000,0x00000000d6480000)
 ParOldGen       total 81920K, used 81786K [0x0000000080000000, 0x0000000085000000, 0x00000000d5580000)
  object space 81920K, 99% used [0x0000000080000000,0x0000000084fdebe0,0x0000000085000000)
 Metaspace       used 64735K, committed 66240K, reserved 1114112K
  class space    used 7072K, committed 7744K, reserved 1048576K
}
Event: 14.301 GC heap before
{Heap before GC invocations=98 (full 3):
 PSYoungGen      total 15360K, used 15002K [0x00000000d5580000, 0x00000000d6680000, 0x0000000100000000)
  eden space 13312K, 99% used [0x00000000d5580000,0x00000000d6268ba8,0x00000000d6280000)
  from space 2048K, 87% used [0x00000000d6480000,0x00000000d663de78,0x00000000d6680000)
  to   space 2048K, 0% used [0x00000000d6280000,0x00000000d6280000,0x00000000d6480000)
 ParOldGen       total 81920K, used 81786K [0x0000000080000000, 0x0000000085000000, 0x00000000d5580000)
  object space 81920K, 99% used [0x0000000080000000,0x0000000084fdebe0,0x0000000085000000)
 Metaspace       used 64806K, committed 66304K, reserved 1114112K
  class space    used 7076K, committed 7744K, reserved 1048576K
}
Event: 14.305 GC heap after
{Heap after GC invocations=98 (full 3):
 PSYoungGen      total 15360K, used 2020K [0x00000000d5580000, 0x00000000d6e80000, 0x0000000100000000)
  eden space 13312K, 0% used [0x00000000d5580000,0x00000000d5580000,0x00000000d6280000)
  from space 2048K, 98% used [0x00000000d6280000,0x00000000d64793d8,0x00000000d6480000)
  to   space 6144K, 0% used [0x00000000d6880000,0x00000000d6880000,0x00000000d6e80000)
 ParOldGen       total 84992K, used 84867K [0x0000000080000000, 0x0000000085300000, 0x00000000d5580000)
  object space 84992K, 99% used [0x0000000080000000,0x00000000852e0fc0,0x0000000085300000)
 Metaspace       used 64806K, committed 66304K, reserved 1114112K
  class space    used 7076K, committed 7744K, reserved 1048576K
}
Event: 14.333 GC heap before
{Heap before GC invocations=99 (full 3):
 PSYoungGen      total 15360K, used 15332K [0x00000000d5580000, 0x00000000d6e80000, 0x0000000100000000)
  eden space 13312K, 100% used [0x00000000d5580000,0x00000000d6280000,0x00000000d6280000)
  from space 2048K, 98% used [0x00000000d6280000,0x00000000d64793d8,0x00000000d6480000)
  to   space 6144K, 0% used [0x00000000d6880000,0x00000000d6880000,0x00000000d6e80000)
 ParOldGen       total 84992K, used 84867K [0x0000000080000000, 0x0000000085300000, 0x00000000d5580000)
  object space 84992K, 99% used [0x0000000080000000,0x00000000852e0fc0,0x0000000085300000)
 Metaspace       used 64994K, committed 66560K, reserved 1114112K
  class space    used 7093K, committed 7808K, reserved 1048576K
}
Event: 14.335 GC heap after
{Heap after GC invocations=99 (full 3):
 PSYoungGen      total 14848K, used 1370K [0x00000000d5580000, 0x00000000d6a00000, 0x0000000100000000)
  eden space 13312K, 0% used [0x00000000d5580000,0x00000000d5580000,0x00000000d6280000)
  from space 1536K, 89% used [0x00000000d6880000,0x00000000d69d6bb8,0x00000000d6a00000)
  to   space 3072K, 0% used [0x00000000d6400000,0x00000000d6400000,0x00000000d6700000)
 ParOldGen       total 86016K, used 85947K [0x0000000080000000, 0x0000000085400000, 0x00000000d5580000)
  object space 86016K, 99% used [0x0000000080000000,0x00000000853eef00,0x0000000085400000)
 Metaspace       used 64994K, committed 66560K, reserved 1114112K
  class space    used 7093K, committed 7808K, reserved 1048576K
}

