# JRE version: OpenJDK Runtime Environment Temurin-21.0.10+7 (21.0.10+7) (build 21.0.10+7-LTS)
# Java VM: OpenJDK 64-Bit Server VM Temurin-21.0.10+7 (21.0.10+7-LTS, mixed mode, sharing, tiered, compressed oops, compressed class ptrs, parallel gc, windows-amd64)
GC Precious Log:
 CardTable entry size: 512
 CPUs: 12 total, 12 available
 Memory: 32679M
 Large Page Support: Disabled
 NUMA Support: Disabled
 Compressed Oops: Enabled (32-bit)
 Alignments: Space 512K, Generation 512K, Heap 2M
 Heap Min Capacity: 100M
 Heap Initial Capacity: 100M
 Heap Max Capacity: 2G
 Pre-touch: Disabled
 Parallel Workers: 10
Heap:
 PSYoungGen      total 19968K, used 14090K [0x00000000d5580000, 0x00000000d6f00000, 0x0000000100000000)
  eden space 18944K, 69% used [0x00000000d5580000,0x00000000d6246fb0,0x00000000d6800000)
  from space 1024K, 98% used [0x00000000d6980000,0x00000000d6a7b890,0x00000000d6a80000)
  to   space 3584K, 0% used [0x00000000d6b80000,0x00000000d6b80000,0x00000000d6f00000)
 ParOldGen       total 68608K, used 31814K [0x0000000080000000, 0x0000000084300000, 0x00000000d5580000)
  object space 68608K, 46% used [0x0000000080000000,0x0000000081f11a40,0x0000000084300000)
 Metaspace       used 39699K, committed 40768K, reserved 1114112K
  class space    used 4079K, committed 4544K, reserved 1048576K
GC Heap History (20 events):
Event: 3.597 GC heap before
{Heap before GC invocations=14 (full 1):
 PSYoungGen      total 23552K, used 23522K [0x00000000d5580000, 0x00000000d7500000, 0x0000000100000000)
  eden space 20992K, 100% used [0x00000000d5580000,0x00000000d6a00000,0x00000000d6a00000)
  from space 2560K, 98% used [0x00000000d6f00000,0x00000000d7178880,0x00000000d7180000)
  to   space 5120K, 0% used [0x00000000d6a00000,0x00000000d6a00000,0x00000000d6f00000)
 ParOldGen       total 68608K, used 18562K [0x0000000080000000, 0x0000000084300000, 0x00000000d5580000)
  object space 68608K, 27% used [0x0000000080000000,0x0000000081220948,0x0000000084300000)
 Metaspace       used 32414K, committed 33472K, reserved 1114112K
  class space    used 3312K, committed 3776K, reserved 1048576K
}
Event: 3.600 GC heap after
{Heap after GC invocations=14 (full 1):
 PSYoungGen      total 23552K, used 2208K [0x00000000d5580000, 0x00000000d7000000, 0x0000000100000000)
  eden space 20992K, 0% used [0x00000000d5580000,0x00000000d5580000,0x00000000d6a00000)
  from space 2560K, 86% used [0x00000000d6a00000,0x00000000d6c28000,0x00000000d6c80000)
  to   space 3072K, 0% used [0x00000000d6d00000,0x00000000d6d00000,0x00000000d7000000)
 ParOldGen       total 68608K, used 21045K [0x0000000080000000, 0x0000000084300000, 0x00000000d5580000)
  object space 68608K, 30% used [0x0000000080000000,0x000000008148d668,0x0000000084300000)
 Metaspace       used 32414K, committed 33472K, reserved 1114112K
  class space    used 3312K, committed 3776K, reserved 1048576K
}
Event: 3.635 GC heap before
{Heap before GC invocations=15 (full 1):
 PSYoungGen      total 23552K, used 23199K [0x00000000d5580000, 0x00000000d7000000, 0x0000000100000000)
  eden space 20992K, 99% used [0x00000000d5580000,0x00000000d69ffff8,0x00000000d6a00000)
  from space 2560K, 86% used [0x00000000d6a00000,0x00000000d6c28000,0x00000000d6c80000)
  to   space 3072K, 0% used [0x00000000d6d00000,0x00000000d6d00000,0x00000000d7000000)
 ParOldGen       total 68608K, used 21045K [0x0000000080000000, 0x0000000084300000, 0x00000000d5580000)
  object space 68608K, 30% used [0x0000000080000000,0x000000008148d668,0x0000000084300000)
 Metaspace       used 32431K, committed 33472K, reserved 1114112K
  class space    used 3313K, committed 3776K, reserved 1048576K
}
Event: 3.638 GC heap after
{Heap after GC invocations=15 (full 1):
 PSYoungGen      total 23552K, used 2052K [0x00000000d5580000, 0x00000000d6f80000, 0x0000000100000000)
  eden space 20992K, 0% used [0x00000000d5580000,0x00000000d5580000,0x00000000d6a00000)
  from space 2560K, 80% used [0x00000000d6d00000,0x00000000d6f01000,0x00000000d6f80000)
  to   space 2560K, 0% used [0x00000000d6a00000,0x00000000d6a00000,0x00000000d6c80000)
 ParOldGen       total 68608K, used 23148K [0x0000000080000000, 0x0000000084300000, 0x00000000d5580000)
  object space 68608K, 33% used [0x0000000080000000,0x000000008169b018,0x0000000084300000)
 Metaspace       used 32431K, committed 33472K, reserved 1114112K
  class space    used 3313K, committed 3776K, reserved 1048576K
}
Event: 3.682 GC heap before
{Heap before GC invocations=16 (full 1):
 PSYoungGen      total 23552K, used 23044K [0x00000000d5580000, 0x00000000d6f80000, 0x0000000100000000)
  eden space 20992K, 100% used [0x00000000d5580000,0x00000000d6a00000,0x00000000d6a00000)
  from space 2560K, 80% used [0x00000000d6d00000,0x00000000d6f01000,0x00000000d6f80000)
  to   space 2560K, 0% used [0x00000000d6a00000,0x00000000d6a00000,0x00000000d6c80000)
 ParOldGen       total 68608K, used 23148K [0x0000000080000000, 0x0000000084300000, 0x00000000d5580000)
  object space 68608K, 33% used [0x0000000080000000,0x000000008169b018,0x0000000084300000)
 Metaspace       used 32468K, committed 33536K, reserved 1114112K
  class space    used 3313K, committed 3776K, reserved 1048576K
}
Event: 3.685 GC heap after
{Heap after GC invocations=16 (full 1):
 PSYoungGen      total 23552K, used 2272K [0x00000000d5580000, 0x00000000d6f00000, 0x0000000100000000)
  eden space 20992K, 0% used [0x00000000d5580000,0x00000000d5580000,0x00000000d6a00000)
  from space 2560K, 88% used [0x00000000d6a00000,0x00000000d6c38010,0x00000000d6c80000)
  to   space 2560K, 0% used [0x00000000d6c80000,0x00000000d6c80000,0x00000000d6f00000)
 ParOldGen       total 68608K, used 25009K [0x0000000080000000, 0x0000000084300000, 0x00000000d5580000)
  object space 68608K, 36% used [0x0000000080000000,0x000000008186c640,0x0000000084300000)
 Metaspace       used 32468K, committed 33536K, reserved 1114112K
  class space    used 3313K, committed 3776K, reserved 1048576K
}
Event: 3.723 GC heap before
{Heap before GC invocations=17 (full 1):
 PSYoungGen      total 23552K, used 23264K [0x00000000d5580000, 0x00000000d6f00000, 0x0000000100000000)
  eden space 20992K, 100% used [0x00000000d5580000,0x00000000d6a00000,0x00000000d6a00000)
  from space 2560K, 88% used [0x00000000d6a00000,0x00000000d6c38010,0x00000000d6c80000)
  to   space 2560K, 0% used [0x00000000d6c80000,0x00000000d6c80000,0x00000000d6f00000)
 ParOldGen       total 68608K, used 25009K [0x0000000080000000, 0x0000000084300000, 0x00000000d5580000)
  object space 68608K, 36% used [0x0000000080000000,0x000000008186c640,0x0000000084300000)
 Metaspace       used 32574K, committed 33600K, reserved 1114112K
  class space    used 3315K, committed 3776K, reserved 1048576K
}
Event: 3.726 GC heap after
{Heap after GC invocations=17 (full 1):
 PSYoungGen      total 23552K, used 2008K [0x00000000d5580000, 0x00000000d6f00000, 0x0000000100000000)
  eden space 20992K, 0% used [0x00000000d5580000,0x00000000d5580000,0x00000000d6a00000)
  from space 2560K, 78% used [0x00000000d6c80000,0x00000000d6e76200,0x00000000d6f00000)
  to   space 2560K, 0% used [0x00000000d6a00000,0x00000000d6a00000,0x00000000d6c80000)
 ParOldGen       total 68608K, used 27137K [0x0000000080000000, 0x0000000084300000, 0x00000000d5580000)
  object space 68608K, 39% used [0x0000000080000000,0x0000000081a80650,0x0000000084300000)
 Metaspace       used 32574K, committed 33600K, reserved 1114112K
  class space    used 3315K, committed 3776K, reserved 1048576K
}
Event: 3.790 GC heap before
{Heap before GC invocations=18 (full 1):
 PSYoungGen      total 23552K, used 23000K [0x00000000d5580000, 0x00000000d6f00000, 0x0000000100000000)
  eden space 20992K, 100% used [0x00000000d5580000,0x00000000d6a00000,0x00000000d6a00000)
  from space 2560K, 78% used [0x00000000d6c80000,0x00000000d6e76200,0x00000000d6f00000)
  to   space 2560K, 0% used [0x00000000d6a00000,0x00000000d6a00000,0x00000000d6c80000)
 ParOldGen       total 68608K, used 27137K [0x0000000080000000, 0x0000000084300000, 0x00000000d5580000)
  object space 68608K, 39% used [0x0000000080000000,0x0000000081a80650,0x0000000084300000)
 Metaspace       used 33278K, committed 34368K, reserved 1114112K
  class space    used 3410K, committed 3904K, reserved 1048576K
}
Event: 3.793 GC heap after
{Heap after GC invocations=18 (full 1):
 PSYoungGen      total 23040K, used 1539K [0x00000000d5580000, 0x00000000d6e00000, 0x0000000100000000)
  eden space 20992K, 0% used [0x00000000d5580000,0x00000000d5580000,0x00000000d6a00000)
  from space 2048K, 75% used [0x00000000d6a00000,0x00000000d6b80d78,0x00000000d6c00000)
  to   space 2048K, 0% used [0x00000000d6c00000,0x00000000d6c00000,0x00000000d6e00000)
 ParOldGen       total 68608K, used 28970K [0x0000000080000000, 0x0000000084300000, 0x00000000d5580000)
  object space 68608K, 42% used [0x0000000080000000,0x0000000081c4a850,0x0000000084300000)
 Metaspace       used 33278K, committed 34368K, reserved 1114112K
  class space    used 3410K, committed 3904K, reserved 1048576K
}
Event: 3.966 GC heap before
{Heap before GC invocations=19 (full 1):
 PSYoungGen      total 23040K, used 14870K [0x00000000d5580000, 0x00000000d6e00000, 0x0000000100000000)
  eden space 20992K, 63% used [0x00000000d5580000,0x00000000d6284ce0,0x00000000d6a00000)
  from space 2048K, 75% used [0x00000000d6a00000,0x00000000d6b80d78,0x00000000d6c00000)
  to   space 2048K, 0% used [0x00000000d6c00000,0x00000000d6c00000,0x00000000d6e00000)
 ParOldGen       total 68608K, used 28970K [0x0000000080000000, 0x0000000084300000, 0x00000000d5580000)
  object space 68608K, 42% used [0x0000000080000000,0x0000000081c4a850,0x0000000084300000)
 Metaspace       used 34809K, committed 35840K, reserved 1114112K
  class space    used 3591K, committed 4032K, reserved 1048576K
}
Event: 3.968 GC heap after
{Heap after GC invocations=19 (full 1):
 PSYoungGen      total 20992K, used 2028K [0x00000000d5580000, 0x00000000d7200000, 0x0000000100000000)
  eden space 18944K, 0% used [0x00000000d5580000,0x00000000d5580000,0x00000000d6800000)
  from space 2048K, 99% used [0x00000000d6c00000,0x00000000d6dfb3b8,0x00000000d6e00000)
  to   space 4096K, 0% used [0x00000000d6800000,0x00000000d6800000,0x00000000d6c00000)
 ParOldGen       total 68608K, used 30299K [0x0000000080000000, 0x0000000084300000, 0x00000000d5580000)
  object space 68608K, 44% used [0x0000000080000000,0x0000000081d96d80,0x0000000084300000)
 Metaspace       used 34809K, committed 35840K, reserved 1114112K
  class space    used 3591K, committed 4032K, reserved 1048576K
}
Event: 3.968 GC heap before
{Heap before GC invocations=20 (full 2):
 PSYoungGen      total 20992K, used 2028K [0x00000000d5580000, 0x00000000d7200000, 0x0000000100000000)
  eden space 18944K, 0% used [0x00000000d5580000,0x00000000d5580000,0x00000000d6800000)
  from space 2048K, 99% used [0x00000000d6c00000,0x00000000d6dfb3b8,0x00000000d6e00000)
  to   space 4096K, 0% used [0x00000000d6800000,0x00000000d6800000,0x00000000d6c00000)
 ParOldGen       total 68608K, used 30299K [0x0000000080000000, 0x0000000084300000, 0x00000000d5580000)
  object space 68608K, 44% used [0x0000000080000000,0x0000000081d96d80,0x0000000084300000)
 Metaspace       used 34809K, committed 35840K, reserved 1114112K
  class space    used 3591K, committed 4032K, reserved 1048576K
}
Event: 4.000 GC heap after
{Heap after GC invocations=20 (full 2):
 PSYoungGen      total 20992K, used 0K [0x00000000d5580000, 0x00000000d7200000, 0x0000000100000000)
  eden space 18944K, 0% used [0x00000000d5580000,0x00000000d5580000,0x00000000d6800000)
  from space 2048K, 0% used [0x00000000d6c00000,0x00000000d6c00000,0x00000000d6e00000)
  to   space 4096K, 0% used [0x00000000d6800000,0x00000000d6800000,0x00000000d6c00000)
 ParOldGen       total 68608K, used 29602K [0x0000000080000000, 0x0000000084300000, 0x00000000d5580000)
  object space 68608K, 43% used [0x0000000080000000,0x0000000081ce8818,0x0000000084300000)
 Metaspace       used 34694K, committed 35840K, reserved 1114112K
  class space    used 3558K, committed 4032K, reserved 1048576K
}
Event: 4.153 GC heap before
{Heap before GC invocations=21 (full 2):
 PSYoungGen      total 20992K, used 18941K [0x00000000d5580000, 0x00000000d7200000, 0x0000000100000000)
  eden space 18944K, 99% used [0x00000000d5580000,0x00000000d67ff5c0,0x00000000d6800000)
  from space 2048K, 0% used [0x00000000d6c00000,0x00000000d6c00000,0x00000000d6e00000)
  to   space 4096K, 0% used [0x00000000d6800000,0x00000000d6800000,0x00000000d6c00000)
 ParOldGen       total 68608K, used 29602K [0x0000000080000000, 0x0000000084300000, 0x00000000d5580000)
  object space 68608K, 43% used [0x0000000080000000,0x0000000081ce8818,0x0000000084300000)
 Metaspace       used 36075K, committed 37056K, reserved 1114112K
  class space    used 3715K, committed 4160K, reserved 1048576K
}
Event: 4.154 GC heap after
{Heap after GC invocations=21 (full 2):
 PSYoungGen      total 19456K, used 504K [0x00000000d5580000, 0x00000000d6c80000, 0x0000000100000000)
  eden space 18944K, 0% used [0x00000000d5580000,0x00000000d5580000,0x00000000d6800000)
  from space 512K, 98% used [0x00000000d6800000,0x00000000d687e010,0x00000000d6880000)
  to   space 2048K, 0% used [0x00000000d6a80000,0x00000000d6a80000,0x00000000d6c80000)
 ParOldGen       total 68608K, used 29610K [0x0000000080000000, 0x0000000084300000, 0x00000000d5580000)
  object space 68608K, 43% used [0x0000000080000000,0x0000000081cea818,0x0000000084300000)
 Metaspace       used 36075K, committed 37056K, reserved 1114112K
  class space    used 3715K, committed 4160K, reserved 1048576K
}
Event: 4.402 GC heap before
{Heap before GC invocations=22 (full 2):
 PSYoungGen      total 19456K, used 19378K [0x00000000d5580000, 0x00000000d6c80000, 0x0000000100000000)
  eden space 18944K, 99% used [0x00000000d5580000,0x00000000d67eeab0,0x00000000d6800000)
  from space 512K, 98% used [0x00000000d6800000,0x00000000d687e010,0x00000000d6880000)
  to   space 2048K, 0% used [0x00000000d6a80000,0x00000000d6a80000,0x00000000d6c80000)
 ParOldGen       total 68608K, used 29610K [0x0000000080000000, 0x0000000084300000, 0x00000000d5580000)
  object space 68608K, 43% used [0x0000000080000000,0x0000000081cea818,0x0000000084300000)
 Metaspace       used 37653K, committed 38656K, reserved 1114112K
  class space    used 3890K, committed 4352K, reserved 1048576K
}
Event: 4.403 GC heap after
{Heap after GC invocations=22 (full 2):
 PSYoungGen      total 19968K, used 800K [0x00000000d5580000, 0x00000000d6b80000, 0x0000000100000000)
  eden space 18944K, 0% used [0x00000000d5580000,0x00000000d5580000,0x00000000d6800000)
  from space 1024K, 78% used [0x00000000d6a80000,0x00000000d6b48010,0x00000000d6b80000)
  to   space 1024K, 0% used [0x00000000d6980000,0x00000000d6980000,0x00000000d6a80000)
 ParOldGen       total 68608K, used 29906K [0x0000000080000000, 0x0000000084300000, 0x00000000d5580000)
  object space 68608K, 43% used [0x0000000080000000,0x0000000081d34828,0x0000000084300000)
 Metaspace       used 37653K, committed 38656K, reserved 1114112K
  class space    used 3890K, committed 4352K, reserved 1048576K
}
Event: 4.968 GC heap before
{Heap before GC invocations=23 (full 2):
 PSYoungGen      total 19968K, used 19744K [0x00000000d5580000, 0x00000000d6b80000, 0x0000000100000000)
  eden space 18944K, 100% used [0x00000000d5580000,0x00000000d6800000,0x00000000d6800000)
  from space 1024K, 78% used [0x00000000d6a80000,0x00000000d6b48010,0x00000000d6b80000)
  to   space 1024K, 0% used [0x00000000d6980000,0x00000000d6980000,0x00000000d6a80000)
 ParOldGen       total 68608K, used 29906K [0x0000000080000000, 0x0000000084300000, 0x00000000d5580000)
  object space 68608K, 43% used [0x0000000080000000,0x0000000081d34828,0x0000000084300000)
 Metaspace       used 39675K, committed 40704K, reserved 1114112K
  class space    used 4079K, committed 4544K, reserved 1048576K
}
Event: 4.970 GC heap after
{Heap after GC invocations=23 (full 2):
 PSYoungGen      total 19968K, used 1006K [0x00000000d5580000, 0x00000000d6f00000, 0x0000000100000000)
  eden space 18944K, 0% used [0x00000000d5580000,0x00000000d5580000,0x00000000d6800000)
  from space 1024K, 98% used [0x00000000d6980000,0x00000000d6a7b890,0x00000000d6a80000)
  to   space 3584K, 0% used [0x00000000d6b80000,0x00000000d6b80000,0x00000000d6f00000)
 ParOldGen       total 68608K, used 31814K [0x0000000080000000, 0x0000000084300000, 0x00000000d5580000)
  object space 68608K, 46% used [0x0000000080000000,0x0000000081f11a40,0x0000000084300000)
 Metaspace       used 39675K, committed 40704K, reserved 1114112K
  class space    used 4079K, committed 4544K, reserved 1048576K
}

